<?xml version="1.0" encoding="UTF-8"?>
<!-- Generated by org.testng.reporters.JUnitXMLReporter -->
<testsuite hostname="DESKTOP-LE9U86J" name="Test1" tests="4" failures="0" timestamp="13 Mar 2020 14:47:29 GMT" time="0.075" errors="0">
  <testcase name="@BeforeMethod openBrowser" time="0.0" classname="com.jbk.Eproc.TestCases.LoginPageTest">
    <failure type="org.testng.TestNGException" message="
Parameter &amp;apos;browser&amp;apos; is required by @Configuration on method openBrowser but has not been marked @Optional or defined
in F:\Eprocrument\testng.xml">
      <![CDATA[org.testng.TestNGException: 
Parameter 'browser' is required by @Configuration on method openBrowser but has not been marked @Optional or defined
in F:\Eprocrument\testng.xml
	at org.testng.internal.Parameters.createParameters(Parameters.java:155)
	at org.testng.internal.Parameters.createParameters(Parameters.java:355)
	at org.testng.internal.Parameters.createConfigurationParameters(Parameters.java:86)
	at org.testng.internal.Invoker.invokeConfigurations(Invoker.java:199)
	at org.testng.internal.Invoker.invokeMethod(Invoker.java:653)
	at org.testng.internal.Invoker.invokeTestMethod(Invoker.java:901)
	at org.testng.internal.Invoker.invokeTestMethods(Invoker.java:1231)
	at org.testng.internal.TestMethodWorker.invokeTestMethods(TestMethodWorker.java:127)
	at org.testng.internal.TestMethodWorker.run(TestMethodWorker.java:111)
	at org.testng.TestRunner.privateRun(TestRunner.java:767)
	at org.testng.TestRunner.run(TestRunner.java:617)
	at org.testng.SuiteRunner.runTest(SuiteRunner.java:334)
	at org.testng.SuiteRunner.access$000(SuiteRunner.java:37)
	at org.testng.SuiteRunner$SuiteWorker.run(SuiteRunner.java:368)
	at org.testng.internal.thread.ThreadUtil$2.call(ThreadUtil.java:64)
	at java.util.concurrent.FutureTask.run(FutureTask.java:266)
	at java.util.concurrent.ThreadPoolExecutor.runWorker(ThreadPoolExecutor.java:1142)
	at java.util.concurrent.ThreadPoolExecutor$Worker.run(ThreadPoolExecutor.java:617)
	at java.lang.Thread.run(Thread.java:745)
]]>
    </failure>
  </testcase> <!-- @BeforeMethod openBrowser -->
  <testcase name="@AfterMethod closeBrowser" time="0.0" classname="com.jbk.Eproc.TestCases.LoginPageTest">
    <skipped/>
  </testcase> <!-- @AfterMethod closeBrowser -->
  <testcase name="@BeforeClass parentSetup" time="0.0" classname="com.jbk.Eproc.TestCases.RegistrationPageTest">
    <skipped/>
  </testcase> <!-- @BeforeClass parentSetup -->
  <testcase name="@BeforeMethod openBrowser" time="0.0" classname="com.jbk.Eproc.TestCases.RegistrationPageTest">
    <skipped/>
  </testcase> <!-- @BeforeMethod openBrowser -->
  <testcase name="@AfterMethod closeBrowser" time="0.0" classname="com.jbk.Eproc.TestCases.RegistrationPageTest">
    <skipped/>
  </testcase> <!-- @AfterMethod closeBrowser -->
  <testcase name="@BeforeMethod openBrowser" time="0.0" classname="com.jbk.Eproc.TestCases.LoginPageTest">
    <skipped/>
  </testcase> <!-- @BeforeMethod openBrowser -->
  <testcase name="@AfterMethod closeBrowser" time="0.0" classname="com.jbk.Eproc.TestCases.LoginPageTest">
    <skipped/>
  </testcase> <!-- @AfterMethod closeBrowser -->
  <testcase name="@BeforeMethod openBrowser" time="0.0" classname="com.jbk.Eproc.TestCases.RegistrationPageTest">
    <skipped/>
  </testcase> <!-- @BeforeMethod openBrowser -->
  <testcase name="@AfterMethod closeBrowser" time="0.0" classname="com.jbk.Eproc.TestCases.RegistrationPageTest">
    <skipped/>
  </testcase> <!-- @AfterMethod closeBrowser -->
  <testcase name="loginPageTitleTest" time="0.002" classname="com.jbk.Eproc.TestCases.LoginPageTest">
    <skipped/>
  </testcase> <!-- loginPageTitleTest -->
  <testcase name="checkRegistrationPageTitleTest" time="0.005" classname="com.jbk.Eproc.TestCases.RegistrationPageTest">
    <skipped/>
  </testcase> <!-- checkRegistrationPageTitleTest -->
  <testcase name="loginPageLogoTest" time="0.002" classname="com.jbk.Eproc.TestCases.LoginPageTest">
    <skipped/>
  </testcase> <!-- loginPageLogoTest -->
  <testcase name="checkRegistrationPageHeaderTest" time="0.001" classname="com.jbk.Eproc.TestCases.RegistrationPageTest">
    <skipped/>
  </testcase> <!-- checkRegistrationPageHeaderTest -->
</testsuite> <!-- Test1 -->
