<?xml version="1.0" encoding="UTF-8"?>
<testng-results skipped="0" failed="2" total="5" passed="3">
  <reporter-output>
  </reporter-output>
  <suite name="Default suite" duration-ms="39014" started-at="2020-03-18T20:27:43Z" finished-at="2020-03-18T20:28:22Z">
    <groups>
    </groups>
    <test name="Test" duration-ms="39014" started-at="2020-03-18T20:27:43Z" finished-at="2020-03-18T20:28:22Z">
      <class name="com.jbk.Eproc.TestCases.RegistrationPageTest">
        <test-method status="PASS" signature="loadProperties()[pri:0, instance:com.jbk.Eproc.TestCases.RegistrationPageTest@108b2d7]" name="loadProperties" is-config="true" duration-ms="12" started-at="2020-03-19T01:57:43Z" finished-at="2020-03-19T01:57:43Z">
          <reporter-output>
          </reporter-output>
        </test-method> <!-- loadProperties -->
        <test-method status="PASS" signature="initialiseExtentReport()[pri:0, instance:com.jbk.Eproc.TestCases.RegistrationPageTest@108b2d7]" name="initialiseExtentReport" is-config="true" duration-ms="256" started-at="2020-03-19T01:57:43Z" depends-on-methods="com.jbk.Eproc.Base.Base.loadProperties" finished-at="2020-03-19T01:57:43Z">
          <reporter-output>
          </reporter-output>
        </test-method> <!-- initialiseExtentReport -->
        <test-method status="PASS" signature="parentSetup()[pri:0, instance:com.jbk.Eproc.TestCases.RegistrationPageTest@108b2d7]" name="parentSetup" is-config="true" duration-ms="6" started-at="2020-03-19T01:57:43Z" finished-at="2020-03-19T01:57:43Z">
          <reporter-output>
          </reporter-output>
        </test-method> <!-- parentSetup -->
        <test-method status="PASS" signature="openBrowser(java.lang.reflect.Method)[pri:0, instance:com.jbk.Eproc.TestCases.RegistrationPageTest@108b2d7]" name="openBrowser" is-config="true" duration-ms="12667" started-at="2020-03-19T01:57:43Z" finished-at="2020-03-19T01:57:56Z">
          <params>
            <param index="0">
              <value>
                <![CDATA[public void com.jbk.Eproc.TestCases.RegistrationPageTest.checkRegistrationPageTitleTest()]]>
              </value>
            </param>
          </params>
          <reporter-output>
          </reporter-output>
        </test-method> <!-- openBrowser -->
        <test-method status="FAIL" signature="checkRegistrationPageTitleTest()[pri:0, instance:com.jbk.Eproc.TestCases.RegistrationPageTest@108b2d7]" name="checkRegistrationPageTitleTest" duration-ms="874" started-at="2020-03-19T01:57:56Z" finished-at="2020-03-19T01:57:57Z">
          <exception class="java.lang.NullPointerException">
            <full-stacktrace>
              <![CDATA[java.lang.NullPointerException
	at com.aventstack.extentreports.ExtentTest.addMedia(ExtentTest.java:313)
	at com.aventstack.extentreports.ExtentTest.log(ExtentTest.java:307)
	at com.jbk.Eproc.Util.ScreenShot.extentScreenshot(ScreenShot.java:58)
	at com.jbk.Eproc.Util.ExtentLogsReport.IExtentResult(ExtentLogsReport.java:57)
	at com.jbk.Eproc.TestCases.RegistrationPageTest.checkRegistrationPageTitleTest(RegistrationPageTest.java:25)
	at sun.reflect.NativeMethodAccessorImpl.invoke0(Native Method)
	at sun.reflect.NativeMethodAccessorImpl.invoke(NativeMethodAccessorImpl.java:62)
	at sun.reflect.DelegatingMethodAccessorImpl.invoke(DelegatingMethodAccessorImpl.java:43)
	at java.lang.reflect.Method.invoke(Method.java:497)
	at org.testng.internal.MethodInvocationHelper.invokeMethod(MethodInvocationHelper.java:80)
	at org.testng.internal.Invoker.invokeMethod(Invoker.java:714)
	at org.testng.internal.Invoker.invokeTestMethod(Invoker.java:901)
	at org.testng.internal.Invoker.invokeTestMethods(Invoker.java:1231)
	at org.testng.internal.TestMethodWorker.invokeTestMethods(TestMethodWorker.java:127)
	at org.testng.internal.TestMethodWorker.run(TestMethodWorker.java:111)
	at java.util.concurrent.ThreadPoolExecutor.runWorker(ThreadPoolExecutor.java:1142)
	at java.util.concurrent.ThreadPoolExecutor$Worker.run(ThreadPoolExecutor.java:617)
	at java.lang.Thread.run(Thread.java:745)
]]>
            </full-stacktrace>
          </exception> <!-- java.lang.NullPointerException -->
          <reporter-output>
          </reporter-output>
        </test-method> <!-- checkRegistrationPageTitleTest -->
        <test-method status="PASS" signature="closeBrowser()[pri:0, instance:com.jbk.Eproc.TestCases.RegistrationPageTest@108b2d7]" name="closeBrowser" is-config="true" duration-ms="1225" started-at="2020-03-19T01:57:57Z" finished-at="2020-03-19T01:57:58Z">
          <reporter-output>
          </reporter-output>
        </test-method> <!-- closeBrowser -->
        <test-method status="PASS" signature="openBrowser(java.lang.reflect.Method)[pri:0, instance:com.jbk.Eproc.TestCases.RegistrationPageTest@108b2d7]" name="openBrowser" is-config="true" duration-ms="10359" started-at="2020-03-19T01:57:58Z" finished-at="2020-03-19T01:58:08Z">
          <params>
            <param index="0">
              <value>
                <![CDATA[public void com.jbk.Eproc.TestCases.RegistrationPageTest.checkRegistrationPageHeaderTest()]]>
              </value>
            </param>
          </params>
          <reporter-output>
          </reporter-output>
        </test-method> <!-- openBrowser -->
        <test-method status="PASS" signature="checkRegistrationPageHeaderTest()[pri:0, instance:com.jbk.Eproc.TestCases.RegistrationPageTest@108b2d7]" name="checkRegistrationPageHeaderTest" duration-ms="793" started-at="2020-03-19T01:58:08Z" finished-at="2020-03-19T01:58:09Z">
          <reporter-output>
          </reporter-output>
        </test-method> <!-- checkRegistrationPageHeaderTest -->
        <test-method status="PASS" signature="closeBrowser()[pri:0, instance:com.jbk.Eproc.TestCases.RegistrationPageTest@108b2d7]" name="closeBrowser" is-config="true" duration-ms="913" started-at="2020-03-19T01:58:09Z" finished-at="2020-03-19T01:58:10Z">
          <reporter-output>
          </reporter-output>
        </test-method> <!-- closeBrowser -->
        <test-method status="PASS" signature="openBrowser(java.lang.reflect.Method)[pri:0, instance:com.jbk.Eproc.TestCases.RegistrationPageTest@108b2d7]" name="openBrowser" is-config="true" duration-ms="10251" started-at="2020-03-19T01:58:10Z" finished-at="2020-03-19T01:58:20Z">
          <params>
            <param index="0">
              <value>
                <![CDATA[public void com.jbk.Eproc.TestCases.RegistrationPageTest.registerPageTest()]]>
              </value>
            </param>
          </params>
          <reporter-output>
          </reporter-output>
        </test-method> <!-- openBrowser -->
        <test-method status="FAIL" signature="registerPageTest()[pri:0, instance:com.jbk.Eproc.TestCases.RegistrationPageTest@108b2d7]" name="registerPageTest" duration-ms="977" started-at="2020-03-19T01:58:20Z" finished-at="2020-03-19T01:58:21Z">
          <exception class="org.openqa.selenium.NoAlertPresentException">
            <message>
              <![CDATA[no such alert
  (Session info: chrome=78.0.3904.97)
Build info: version: '3.14.0', revision: 'aacccce0', time: '2018-08-02T20:19:58.91Z'
System info: host: 'DESKTOP-LE9U86J', ip: '127.0.0.1', os.name: 'Windows 8.1', os.arch: 'x86', os.version: '6.3', java.version: '1.8.0_45'
Driver info: org.openqa.selenium.chrome.ChromeDriver
Capabilities {acceptInsecureCerts: false, browserName: chrome, browserVersion: 78.0.3904.97, chrome: {chromedriverVersion: 78.0.3904.70 (edb9c9f3de024..., userDataDir: C:\Users\hp\AppData\Local\T...}, goog:chromeOptions: {debuggerAddress: localhost:63594}, javascriptEnabled: true, networkConnectionEnabled: false, pageLoadStrategy: normal, platform: XP, platformName: XP, proxy: Proxy(), setWindowRect: true, strictFileInteractability: false, timeouts: {implicit: 0, pageLoad: 300000, script: 30000}, unhandledPromptBehavior: dismiss and notify}
Session ID: d0d3b7c28635aaeb70273615535a8dcc]]>
            </message>
            <full-stacktrace>
              <![CDATA[org.openqa.selenium.NoAlertPresentException: no such alert
  (Session info: chrome=78.0.3904.97)
Build info: version: '3.14.0', revision: 'aacccce0', time: '2018-08-02T20:19:58.91Z'
System info: host: 'DESKTOP-LE9U86J', ip: '127.0.0.1', os.name: 'Windows 8.1', os.arch: 'x86', os.version: '6.3', java.version: '1.8.0_45'
Driver info: org.openqa.selenium.chrome.ChromeDriver
Capabilities {acceptInsecureCerts: false, browserName: chrome, browserVersion: 78.0.3904.97, chrome: {chromedriverVersion: 78.0.3904.70 (edb9c9f3de024..., userDataDir: C:\Users\hp\AppData\Local\T...}, goog:chromeOptions: {debuggerAddress: localhost:63594}, javascriptEnabled: true, networkConnectionEnabled: false, pageLoadStrategy: normal, platform: XP, platformName: XP, proxy: Proxy(), setWindowRect: true, strictFileInteractability: false, timeouts: {implicit: 0, pageLoad: 300000, script: 30000}, unhandledPromptBehavior: dismiss and notify}
Session ID: d0d3b7c28635aaeb70273615535a8dcc
	at sun.reflect.NativeConstructorAccessorImpl.newInstance0(Native Method)
	at sun.reflect.NativeConstructorAccessorImpl.newInstance(NativeConstructorAccessorImpl.java:62)
	at sun.reflect.DelegatingConstructorAccessorImpl.newInstance(DelegatingConstructorAccessorImpl.java:45)
	at java.lang.reflect.Constructor.newInstance(Constructor.java:422)
	at org.openqa.selenium.remote.http.W3CHttpResponseCodec.createException(W3CHttpResponseCodec.java:187)
	at org.openqa.selenium.remote.http.W3CHttpResponseCodec.decode(W3CHttpResponseCodec.java:122)
	at org.openqa.selenium.remote.http.W3CHttpResponseCodec.decode(W3CHttpResponseCodec.java:49)
	at org.openqa.selenium.remote.HttpCommandExecutor.execute(HttpCommandExecutor.java:158)
	at org.openqa.selenium.remote.service.DriverCommandExecutor.execute(DriverCommandExecutor.java:83)
	at org.openqa.selenium.remote.RemoteWebDriver.execute(RemoteWebDriver.java:548)
	at org.openqa.selenium.remote.RemoteWebDriver.execute(RemoteWebDriver.java:605)
	at org.openqa.selenium.remote.RemoteWebDriver$RemoteTargetLocator.alert(RemoteWebDriver.java:928)
	at com.jbk.Eproc.TestCases.RegistrationPageTest.registerPageTest(RegistrationPageTest.java:52)
	at sun.reflect.NativeMethodAccessorImpl.invoke0(Native Method)
	at sun.reflect.NativeMethodAccessorImpl.invoke(NativeMethodAccessorImpl.java:62)
	at sun.reflect.DelegatingMethodAccessorImpl.invoke(DelegatingMethodAccessorImpl.java:43)
	at java.lang.reflect.Method.invoke(Method.java:497)
	at org.testng.internal.MethodInvocationHelper.invokeMethod(MethodInvocationHelper.java:80)
	at org.testng.internal.Invoker.invokeMethod(Invoker.java:714)
	at org.testng.internal.Invoker.invokeTestMethod(Invoker.java:901)
	at org.testng.internal.Invoker.invokeTestMethods(Invoker.java:1231)
	at org.testng.internal.TestMethodWorker.invokeTestMethods(TestMethodWorker.java:127)
	at org.testng.internal.TestMethodWorker.run(TestMethodWorker.java:111)
	at java.util.concurrent.ThreadPoolExecutor.runWorker(ThreadPoolExecutor.java:1142)
	at java.util.concurrent.ThreadPoolExecutor$Worker.run(ThreadPoolExecutor.java:617)
	at java.lang.Thread.run(Thread.java:745)
]]>
            </full-stacktrace>
          </exception> <!-- org.openqa.selenium.NoAlertPresentException -->
          <reporter-output>
          </reporter-output>
        </test-method> <!-- registerPageTest -->
        <test-method status="PASS" signature="closeBrowser()[pri:0, instance:com.jbk.Eproc.TestCases.RegistrationPageTest@108b2d7]" name="closeBrowser" is-config="true" duration-ms="924" started-at="2020-03-19T01:58:21Z" finished-at="2020-03-19T01:58:22Z">
          <reporter-output>
          </reporter-output>
        </test-method> <!-- closeBrowser -->
        <test-method status="PASS" signature="endReport()[pri:0, instance:com.jbk.Eproc.TestCases.RegistrationPageTest@108b2d7]" name="endReport" is-config="true" duration-ms="536" started-at="2020-03-19T01:58:22Z" finished-at="2020-03-19T01:58:23Z">
          <reporter-output>
          </reporter-output>
        </test-method> <!-- endReport -->
      </class> <!-- com.jbk.Eproc.TestCases.RegistrationPageTest -->
      <class name="com.jbk.Eproc.TestCases.LoginPageTest">
        <test-method status="PASS" signature="parentSetup()[pri:0, instance:com.jbk.Eproc.TestCases.LoginPageTest@5d012c]" name="parentSetup" is-config="true" duration-ms="6" started-at="2020-03-19T01:57:43Z" finished-at="2020-03-19T01:57:43Z">
          <reporter-output>
          </reporter-output>
        </test-method> <!-- parentSetup -->
        <test-method status="PASS" signature="openBrowser(java.lang.reflect.Method)[pri:0, instance:com.jbk.Eproc.TestCases.LoginPageTest@5d012c]" name="openBrowser" is-config="true" duration-ms="12765" started-at="2020-03-19T01:57:43Z" finished-at="2020-03-19T01:57:56Z">
          <params>
            <param index="0">
              <value>
                <![CDATA[public void com.jbk.Eproc.TestCases.LoginPageTest.loginPageTitleTest()]]>
              </value>
            </param>
          </params>
          <reporter-output>
          </reporter-output>
        </test-method> <!-- openBrowser -->
        <test-method status="PASS" signature="loginPageTitleTest()[pri:0, instance:com.jbk.Eproc.TestCases.LoginPageTest@5d012c]" name="loginPageTitleTest" duration-ms="781" started-at="2020-03-19T01:57:56Z" finished-at="2020-03-19T01:57:57Z">
          <reporter-output>
          </reporter-output>
        </test-method> <!-- loginPageTitleTest -->
        <test-method status="PASS" signature="closeBrowser()[pri:0, instance:com.jbk.Eproc.TestCases.LoginPageTest@5d012c]" name="closeBrowser" is-config="true" duration-ms="4757" started-at="2020-03-19T01:57:57Z" finished-at="2020-03-19T01:58:02Z">
          <reporter-output>
          </reporter-output>
        </test-method> <!-- closeBrowser -->
        <test-method status="PASS" signature="openBrowser(java.lang.reflect.Method)[pri:0, instance:com.jbk.Eproc.TestCases.LoginPageTest@5d012c]" name="openBrowser" is-config="true" duration-ms="11893" started-at="2020-03-19T01:58:02Z" finished-at="2020-03-19T01:58:14Z">
          <params>
            <param index="0">
              <value>
                <![CDATA[public void com.jbk.Eproc.TestCases.LoginPageTest.loginPageLogoTest()]]>
              </value>
            </param>
          </params>
          <reporter-output>
          </reporter-output>
        </test-method> <!-- openBrowser -->
        <test-method status="PASS" signature="loginPageLogoTest()[pri:0, instance:com.jbk.Eproc.TestCases.LoginPageTest@5d012c]" name="loginPageLogoTest" duration-ms="479" started-at="2020-03-19T01:58:14Z" finished-at="2020-03-19T01:58:14Z">
          <reporter-output>
          </reporter-output>
        </test-method> <!-- loginPageLogoTest -->
        <test-method status="PASS" signature="closeBrowser()[pri:0, instance:com.jbk.Eproc.TestCases.LoginPageTest@5d012c]" name="closeBrowser" is-config="true" duration-ms="1252" started-at="2020-03-19T01:58:14Z" finished-at="2020-03-19T01:58:15Z">
          <reporter-output>
          </reporter-output>
        </test-method> <!-- closeBrowser -->
      </class> <!-- com.jbk.Eproc.TestCases.LoginPageTest -->
    </test> <!-- Test -->
  </suite> <!-- Default suite -->
</testng-results>
